Using pre-set license

 COMMAND LINE ARGUMENTS:
/Applications/Unity/Hub/Editor/2020.3.8f1/Unity.app/Contents/MacOS/Unity
-adb2
-batchMode
-noUpm
-name
AssetImportWorker0
-projectPath
/Users/teoscomputer/Documents/GitHub/TimeCrunchBareBones/Connect the blocks
-logFile
Logs/AssetImportWorker0.log
-srvPort
62669
Successfully changed project path to: /Users/teoscomputer/Documents/GitHub/TimeCrunchBareBones/Connect the blocks
/Users/teoscomputer/Documents/GitHub/TimeCrunchBareBones/Connect the blocks
Using Asset Import Pipeline V2.
Refreshing native plugins compatible for Editor in 48.32 ms, found 2 plugins.
Preloading 0 native plugins for Editor in 0.00 ms.
Initialize engine version: 2020.3.8f1 (507919d4fff5)
[Subsystems] Discovering subsystems at path /Applications/Unity/Hub/Editor/2020.3.8f1/Unity.app/Contents/Resources/UnitySubsystems
[Subsystems] Discovering subsystems at path /Users/teoscomputer/Documents/GitHub/TimeCrunchBareBones/Connect the blocks/Assets
GfxDevice: creating device client; threaded=0
2021-05-18 16:27:16.277 Unity[72942:8245761] Color LCD preferred device: Intel Iris Pro Graphics (low power)
2021-05-18 16:27:16.277 Unity[72942:8245761] Metal devices available: 1
2021-05-18 16:27:16.277 Unity[72942:8245761] 0: Intel Iris Pro Graphics (low power)
2021-05-18 16:27:16.278 Unity[72942:8245761] Using device Intel Iris Pro Graphics (low power)
Initializing Metal device caps: Intel Iris Pro Graphics
Initialize mono
Mono path[0] = '/Applications/Unity/Hub/Editor/2020.3.8f1/Unity.app/Contents/Managed'
Mono path[1] = '/Applications/Unity/Hub/Editor/2020.3.8f1/Unity.app/Contents/MonoBleedingEdge/lib/mono/unityjit'
Mono config path = '/Applications/Unity/Hub/Editor/2020.3.8f1/Unity.app/Contents/MonoBleedingEdge/etc'
Using monoOptions --debugger-agent=transport=dt_socket,embedding=1,server=y,suspend=n,address=127.0.0.1:56942
Begin MonoManager ReloadAssembly
Registering precompiled unity dll's ...
Register platform support module: /Applications/Unity/Hub/Editor/2020.3.8f1/PlaybackEngines/WebGLSupport/UnityEditor.WebGL.Extensions.dll
Register platform support module: /Applications/Unity/Hub/Editor/2020.3.8f1/Unity.app/Contents/PlaybackEngines/MacStandaloneSupport/UnityEditor.OSXStandalone.Extensions.dll
Register platform support module: /Applications/Unity/Hub/Editor/2020.3.8f1/PlaybackEngines/WindowsStandaloneSupport/UnityEditor.WindowsStandalone.Extensions.dll
Register platform support module: /Applications/Unity/Hub/Editor/2020.3.8f1/PlaybackEngines/LinuxStandaloneSupport/UnityEditor.LinuxStandalone.Extensions.dll
Register platform support module: /Applications/Unity/Hub/Editor/2020.3.8f1/PlaybackEngines/LuminSupport/UnityEditor.Lumin.Extensions.dll
Registered in 0.001406 seconds.
Native extension for Lumin target not found
Native extension for LinuxStandalone target not found
Native extension for WindowsStandalone target not found
Native extension for OSXStandalone target not found
Native extension for WebGL target not found
Refreshing native plugins compatible for Editor in 57.40 ms, found 2 plugins.
Preloading 0 native plugins for Editor in 0.00 ms.
Mono: successfully reloaded assembly
- Completed reload, in  5.394 seconds
Platform modules already initialized, skipping
Registering precompiled user dll's ...
Registered in 0.001048 seconds.
Begin MonoManager ReloadAssembly
Native extension for Lumin target not found
Native extension for LinuxStandalone target not found
Native extension for WindowsStandalone target not found
Native extension for OSXStandalone target not found
Native extension for WebGL target not found
Refreshing native plugins compatible for Editor in 57.99 ms, found 2 plugins.
Preloading 0 native plugins for Editor in 0.00 ms.
Mono: successfully reloaded assembly
- Completed reload, in  2.388 seconds
Platform modules already initialized, skipping
========================================================================
Worker process is ready to serve import requests
Launching external process: /Applications/Unity/Hub/Editor/2020.3.8f1/Unity.app/Contents/Tools/UnityShaderCompiler
Launched and connected shader compiler UnityShaderCompiler after 0.02 seconds
Refreshing native plugins compatible for Editor in 0.84 ms, found 2 plugins.
Preloading 0 native plugins for Editor in 0.00 ms.
Unloading 1808 Unused Serialized files (Serialized files now loaded: 0)
System memory in use before: 149.5 MB.
System memory in use after: 149.4 MB.

Unloading 24 unused Assets to reduce memory usage. Loaded Objects now: 2250.
Total: 4.690023 ms (FindLiveObjects: 0.518751 ms CreateObjectMapping: 0.165324 ms MarkObjects: 3.772291 ms  DeleteObjects: 0.231779 ms)

========================================================================
Received Import Request.
  path: Assets
  artifactKey: Guid(00000000000000001000000000000000) Importer(815301076,1909f56bfc062723c751e8b465ee728b)
Start importing Assets using Guid(00000000000000001000000000000000) Importer(815301076,1909f56bfc062723c751e8b465ee728b)  -> (artifact id: '42d402b061de3733987d63b9cc3b64de') in 0.005416 seconds
  Import took 0.010576 seconds .

========================================================================
Received Import Request.
  Time since last request: 388.941632 seconds.
  path: Assets/Scripts
  artifactKey: Guid(d6e80a568124d4cf4bc7335e9c21b6ef) Importer(815301076,1909f56bfc062723c751e8b465ee728b)
Start importing Assets/Scripts using Guid(d6e80a568124d4cf4bc7335e9c21b6ef) Importer(815301076,1909f56bfc062723c751e8b465ee728b)  -> (artifact id: 'bffa82b2409a8d3eedb4938eb07c3c15') in 0.002652 seconds
  Import took 0.007183 seconds .

========================================================================
Received Prepare
Registering precompiled user dll's ...
Registered in 0.000702 seconds.
Begin MonoManager ReloadAssembly
Native extension for Lumin target not found
Native extension for LinuxStandalone target not found
Native extension for WindowsStandalone target not found
Native extension for OSXStandalone target not found
Native extension for WebGL target not found
Refreshing native plugins compatible for Editor in 0.63 ms, found 2 plugins.
Preloading 0 native plugins for Editor in 0.00 ms.
Mono: successfully reloaded assembly
- Completed reload, in  1.253 seconds
Platform modules already initialized, skipping
Refreshing native plugins compatible for Editor in 0.42 ms, found 2 plugins.
Preloading 0 native plugins for Editor in 0.00 ms.
Unloading 1804 Unused Serialized files (Serialized files now loaded: 0)
System memory in use before: 149.6 MB.
System memory in use after: 149.6 MB.

Unloading 12 unused Assets to reduce memory usage. Loaded Objects now: 2255.
Total: 2.315056 ms (FindLiveObjects: 0.237940 ms CreateObjectMapping: 0.069616 ms MarkObjects: 1.885082 ms  DeleteObjects: 0.121549 ms)

========================================================================
Received Import Request.
  Time since last request: 22.700976 seconds.
  path: Assets/Scripts/NewBehaviourScript.cs
  artifactKey: Guid(f630193415fdf40628a353bf1f4cf7de) Importer(815301076,1909f56bfc062723c751e8b465ee728b)
Start importing Assets/Scripts/NewBehaviourScript.cs using Guid(f630193415fdf40628a353bf1f4cf7de) Importer(815301076,1909f56bfc062723c751e8b465ee728b)  -> (artifact id: '7c1116b0a067d7ae1b116e765de2d586') in 0.709708 seconds
  Import took 0.713499 seconds .

========================================================================
Received Prepare
Registering precompiled user dll's ...
Registered in 0.000717 seconds.
Begin MonoManager ReloadAssembly
Native extension for Lumin target not found
Native extension for LinuxStandalone target not found
Native extension for WindowsStandalone target not found
Native extension for OSXStandalone target not found
Native extension for WebGL target not found
Refreshing native plugins compatible for Editor in 0.42 ms, found 2 plugins.
Preloading 0 native plugins for Editor in 0.00 ms.
Mono: successfully reloaded assembly
- Completed reload, in  1.215 seconds
Platform modules already initialized, skipping
Refreshing native plugins compatible for Editor in 0.42 ms, found 2 plugins.
Preloading 0 native plugins for Editor in 0.00 ms.
Unloading 1803 Unused Serialized files (Serialized files now loaded: 0)
System memory in use before: 154.3 MB.
System memory in use after: 154.3 MB.

Unloading 13 unused Assets to reduce memory usage. Loaded Objects now: 2258.
Total: 2.465409 ms (FindLiveObjects: 0.193755 ms CreateObjectMapping: 0.078973 ms MarkObjects: 2.073765 ms  DeleteObjects: 0.117771 ms)

========================================================================
Received Import Request.
  Time since last request: 526.505325 seconds.
  path: Assets/Scripts/ShapeGenerator.cs
  artifactKey: Guid(d8ccfdc4425e541b3a7cfbffea68f192) Importer(815301076,1909f56bfc062723c751e8b465ee728b)
Start importing Assets/Scripts/ShapeGenerator.cs using Guid(d8ccfdc4425e541b3a7cfbffea68f192) Importer(815301076,1909f56bfc062723c751e8b465ee728b)  -> (artifact id: '583f4d2a03484c9244ed3475efc0a54b') in 0.007404 seconds
  Import took 0.012177 seconds .

========================================================================
Received Prepare
Registering precompiled user dll's ...
Registered in 0.000549 seconds.
Begin MonoManager ReloadAssembly
Native extension for Lumin target not found
Native extension for LinuxStandalone target not found
Native extension for WindowsStandalone target not found
Native extension for OSXStandalone target not found
Native extension for WebGL target not found
Refreshing native plugins compatible for Editor in 0.41 ms, found 2 plugins.
Preloading 0 native plugins for Editor in 0.00 ms.
Mono: successfully reloaded assembly
- Completed reload, in  1.225 seconds
Platform modules already initialized, skipping
Refreshing native plugins compatible for Editor in 0.43 ms, found 2 plugins.
Preloading 0 native plugins for Editor in 0.00 ms.
Unloading 1804 Unused Serialized files (Serialized files now loaded: 0)
System memory in use before: 154.5 MB.
System memory in use after: 154.5 MB.

Unloading 12 unused Assets to reduce memory usage. Loaded Objects now: 2263.
Total: 2.347187 ms (FindLiveObjects: 0.212992 ms CreateObjectMapping: 0.074905 ms MarkObjects: 1.932780 ms  DeleteObjects: 0.125575 ms)

========================================================================
Received Import Request.
  Time since last request: 113.890383 seconds.
  path: Assets/Scripts/ShapeGenerator.cs
  artifactKey: Guid(d8ccfdc4425e541b3a7cfbffea68f192) Importer(815301076,1909f56bfc062723c751e8b465ee728b)
Start importing Assets/Scripts/ShapeGenerator.cs using Guid(d8ccfdc4425e541b3a7cfbffea68f192) Importer(815301076,1909f56bfc062723c751e8b465ee728b)  -> (artifact id: '171c1df57c92ac5a510c588e198abc21') in 0.010183 seconds
  Import took 0.015341 seconds .

========================================================================
Received Import Request.
  Time since last request: 0.002526 seconds.
  path: Assets/Scripts/ShapeGenerator.cs
  artifactKey: Guid(d8ccfdc4425e541b3a7cfbffea68f192) Importer(815301076,1909f56bfc062723c751e8b465ee728b)
Start importing Assets/Scripts/ShapeGenerator.cs using Guid(d8ccfdc4425e541b3a7cfbffea68f192) Importer(815301076,1909f56bfc062723c751e8b465ee728b)  -> (artifact id: '171c1df57c92ac5a510c588e198abc21') in 0.002325 seconds
  Import took 0.006186 seconds .

========================================================================
Received Prepare
Registering precompiled user dll's ...
Registered in 0.000725 seconds.
Begin MonoManager ReloadAssembly
Native extension for Lumin target not found
Native extension for LinuxStandalone target not found
Native extension for WindowsStandalone target not found
Native extension for OSXStandalone target not found
Native extension for WebGL target not found
Refreshing native plugins compatible for Editor in 0.39 ms, found 2 plugins.
Preloading 0 native plugins for Editor in 0.00 ms.
Mono: successfully reloaded assembly
- Completed reload, in  1.238 seconds
Platform modules already initialized, skipping
Refreshing native plugins compatible for Editor in 0.59 ms, found 2 plugins.
Preloading 0 native plugins for Editor in 0.00 ms.
Unloading 1804 Unused Serialized files (Serialized files now loaded: 0)
System memory in use before: 154.8 MB.
System memory in use after: 154.8 MB.

Unloading 12 unused Assets to reduce memory usage. Loaded Objects now: 2267.
Total: 2.757089 ms (FindLiveObjects: 0.223959 ms CreateObjectMapping: 0.078320 ms MarkObjects: 2.307385 ms  DeleteObjects: 0.146285 ms)

========================================================================
Received Import Request.
  Time since last request: 264.752362 seconds.
  path: Assets/Scripts/ShapeGenerator.cs
  artifactKey: Guid(d8ccfdc4425e541b3a7cfbffea68f192) Importer(815301076,1909f56bfc062723c751e8b465ee728b)
Start importing Assets/Scripts/ShapeGenerator.cs using Guid(d8ccfdc4425e541b3a7cfbffea68f192) Importer(815301076,1909f56bfc062723c751e8b465ee728b)  -> (artifact id: '5184a1d17f0ced18e0af14cd910faf4c') in 0.005997 seconds
  Import took 0.009898 seconds .

========================================================================
Received Prepare
Registering precompiled user dll's ...
Registered in 0.000688 seconds.
Begin MonoManager ReloadAssembly
Native extension for Lumin target not found
Native extension for LinuxStandalone target not found
Native extension for WindowsStandalone target not found
Native extension for OSXStandalone target not found
Native extension for WebGL target not found
Refreshing native plugins compatible for Editor in 0.42 ms, found 2 plugins.
Preloading 0 native plugins for Editor in 0.00 ms.
Mono: successfully reloaded assembly
- Completed reload, in  1.232 seconds
Platform modules already initialized, skipping
Refreshing native plugins compatible for Editor in 0.43 ms, found 2 plugins.
Preloading 0 native plugins for Editor in 0.00 ms.
Unloading 1804 Unused Serialized files (Serialized files now loaded: 0)
System memory in use before: 154.9 MB.
System memory in use after: 154.9 MB.

Unloading 12 unused Assets to reduce memory usage. Loaded Objects now: 2271.
Total: 2.897032 ms (FindLiveObjects: 0.323346 ms CreateObjectMapping: 0.156891 ms MarkObjects: 2.271569 ms  DeleteObjects: 0.144122 ms)

========================================================================
Received Prepare
Registering precompiled user dll's ...
Registered in 0.000666 seconds.
Begin MonoManager ReloadAssembly
Native extension for Lumin target not found
Native extension for LinuxStandalone target not found
Native extension for WindowsStandalone target not found
Native extension for OSXStandalone target not found
Native extension for WebGL target not found
Refreshing native plugins compatible for Editor in 0.42 ms, found 2 plugins.
Preloading 0 native plugins for Editor in 0.00 ms.
Mono: successfully reloaded assembly
- Completed reload, in  1.229 seconds
Platform modules already initialized, skipping
Refreshing native plugins compatible for Editor in 0.32 ms, found 2 plugins.
Preloading 0 native plugins for Editor in 0.00 ms.
Unloading 1803 Unused Serialized files (Serialized files now loaded: 0)
System memory in use before: 155.1 MB.
System memory in use after: 155.1 MB.

Unloading 13 unused Assets to reduce memory usage. Loaded Objects now: 2274.
Total: 2.428971 ms (FindLiveObjects: 0.201994 ms CreateObjectMapping: 0.071784 ms MarkObjects: 2.055638 ms  DeleteObjects: 0.098486 ms)

========================================================================
Received Import Request.
  Time since last request: 495.419029 seconds.
  path: Assets/Scripts/Shape.cs
  artifactKey: Guid(04eb43316c3f24e17af6fdf6ca0d8101) Importer(815301076,1909f56bfc062723c751e8b465ee728b)
Start importing Assets/Scripts/Shape.cs using Guid(04eb43316c3f24e17af6fdf6ca0d8101) Importer(815301076,1909f56bfc062723c751e8b465ee728b)  -> (artifact id: '69344d2344631fdf3ffeb80c74c15eab') in 0.007860 seconds
  Import took 0.012220 seconds .

========================================================================
Received Prepare
Registering precompiled user dll's ...
Registered in 0.000675 seconds.
Begin MonoManager ReloadAssembly
Native extension for Lumin target not found
Native extension for LinuxStandalone target not found
Native extension for WindowsStandalone target not found
Native extension for OSXStandalone target not found
Native extension for WebGL target not found
Refreshing native plugins compatible for Editor in 1.32 ms, found 2 plugins.
Preloading 0 native plugins for Editor in 0.00 ms.
Mono: successfully reloaded assembly
- Completed reload, in  1.242 seconds
Platform modules already initialized, skipping
Refreshing native plugins compatible for Editor in 0.39 ms, found 2 plugins.
Preloading 0 native plugins for Editor in 0.00 ms.
Unloading 1804 Unused Serialized files (Serialized files now loaded: 0)
System memory in use before: 155.3 MB.
System memory in use after: 155.3 MB.

Unloading 12 unused Assets to reduce memory usage. Loaded Objects now: 2279.
Total: 3.902612 ms (FindLiveObjects: 0.245599 ms CreateObjectMapping: 0.105625 ms MarkObjects: 3.311539 ms  DeleteObjects: 0.238480 ms)

========================================================================
Received Prepare
Registering precompiled user dll's ...
Registered in 0.001048 seconds.
Begin MonoManager ReloadAssembly
Native extension for Lumin target not found
Native extension for LinuxStandalone target not found
Native extension for WindowsStandalone target not found
Native extension for OSXStandalone target not found
Native extension for WebGL target not found
Refreshing native plugins compatible for Editor in 0.39 ms, found 2 plugins.
Preloading 0 native plugins for Editor in 0.00 ms.
Mono: successfully reloaded assembly
- Completed reload, in  1.269 seconds
Platform modules already initialized, skipping
Refreshing native plugins compatible for Editor in 0.39 ms, found 2 plugins.
Preloading 0 native plugins for Editor in 0.00 ms.
Unloading 1804 Unused Serialized files (Serialized files now loaded: 0)
System memory in use before: 155.6 MB.
System memory in use after: 155.5 MB.

Unloading 12 unused Assets to reduce memory usage. Loaded Objects now: 2283.
Total: 2.720579 ms (FindLiveObjects: 0.307036 ms CreateObjectMapping: 0.077756 ms MarkObjects: 2.207337 ms  DeleteObjects: 0.127167 ms)

========================================================================
Received Import Request.
  Time since last request: 580.247986 seconds.
  path: Assets/Scripts/Shape.cs
  artifactKey: Guid(04eb43316c3f24e17af6fdf6ca0d8101) Importer(815301076,1909f56bfc062723c751e8b465ee728b)
Start importing Assets/Scripts/Shape.cs using Guid(04eb43316c3f24e17af6fdf6ca0d8101) Importer(815301076,1909f56bfc062723c751e8b465ee728b)  -> (artifact id: 'd4d096eb76c9388d0e1bc983ec7b428f') in 0.005462 seconds
  Import took 0.009006 seconds .

